<?xml version="1.0" encoding="UTF-8"?>
<testsuites name="TS_Product_Navigation_Reptiles" time="8.607" tests="1" failures="0" errors="0">
   <testsuite name="TS_Product_Navigation_Reptiles" tests="1" failures="0" errors="0" time="8.607" skipped="0" timestamp="05-10-2024T10:29:07" hostname="WINDOWS11 - Mohan" id="Test Suites/TS_Product_Navigation_Reptiles">
      <properties>
         <property name="deviceName" value=""/>
         <property name="devicePlatform"/>
         <property name="logFolder" value="C:\\Users\\WINDOWS11\\git\\katalonTeam_EY_Repo\\Reports\\20241005_102903\\TS_Product_Navigation_Reptiles\\20241005_102903"/>
         <property name="logFiles" value="C:\\Users\\WINDOWS11\\git\\katalonTeam_EY_Repo\\Reports\\20241005_102903\\TS_Product_Navigation_Reptiles\\20241005_102903\\execution0.log"/>
         <property name="attachments" value=""/>
         <property name="hostName" value="WINDOWS11 - Mohan"/>
         <property name="os" value="Windows 11 64bit"/>
         <property name="katalonVersion" value="9.7.2.223"/>
         <property name="browser" value="Chrome 129.0.0.0"/>
         <property name="hostAddress" value="192.168.1.4"/>
         <property name="sessionId" value="6b97460a6b1d7b8cd8d4b1b2c1da0d82"/>
         <property name="seleniumVersion" value="3.141.59"/>
         <property name="proxyInformation" value="ProxyInformation { proxyOption=NO_PROXY, proxyServerType=HTTP, username=, password=********, proxyServerAddress=, proxyServerPort=0, executionList=&quot;&quot;, isApplyToDesiredCapabilities=true }"/>
         <property name="platform" value="Windows 11"/>
      </properties>
      <testcase name="Test Cases/Product_Navigation_Reptiles" time="8.398" classname="Test Cases/Product_Navigation_Reptiles" status="PASSED">
         <system-out><![CDATA[05-10-2024T10:29:07 - [TEST_CASE][PASSED] - Test Cases/Product_Navigation_Reptiles: Test Cases/Product_Navigation_Reptiles

05-10-2024T10:29:08 - [TEST_STEP][PASSED] - openBrowser(""): Browser is opened with url: ''

05-10-2024T10:29:08 - [MESSAGE][INFO] - Starting 'Chrome' driver

05-10-2024T10:29:08 - [MESSAGE][INFO] - Action delay is set to 0 milliseconds

05-10-2024T10:29:09 - [MESSAGE][PASSED] - Browser is opened with url: ''

05-10-2024T10:29:09 - [TEST_STEP][PASSED] - navigateToUrl("https://petstore.octoperf.com/"): Navigate to 'https://petstore.octoperf.com/' successfully

05-10-2024T10:29:10 - [MESSAGE][PASSED] - Navigate to 'https://petstore.octoperf.com/' successfully

05-10-2024T10:29:10 - [TEST_STEP][PASSED] - click(findTestObject("Object Repository/Reptiles/Page_JPetStore Demo/a_Enter the Store")): Object: 'Object Repository/Reptiles/Page_JPetStore Demo/a_Enter the Store' is clicked on

05-10-2024T10:29:11 - [MESSAGE][PASSED] - Object: 'Object Repository/Reptiles/Page_JPetStore Demo/a_Enter the Store' is clicked on

05-10-2024T10:29:11 - [TEST_STEP][PASSED] - click(findTestObject("Object Repository/Reptiles/Page_JPetStore Demo/img")): Object: 'Object Repository/Reptiles/Page_JPetStore Demo/img' is clicked on

05-10-2024T10:29:12 - [MESSAGE][PASSED] - Object: 'Object Repository/Reptiles/Page_JPetStore Demo/img' is clicked on

05-10-2024T10:29:12 - [TEST_STEP][PASSED] - click(findTestObject("Object Repository/Reptiles/Page_JPetStore Demo/a_RP-SN-01")): Object: 'Object Repository/Reptiles/Page_JPetStore Demo/a_RP-SN-01' is clicked on

05-10-2024T10:29:12 - [MESSAGE][PASSED] - Object: 'Object Repository/Reptiles/Page_JPetStore Demo/a_RP-SN-01' is clicked on

05-10-2024T10:29:12 - [TEST_STEP][PASSED] - click(findTestObject("Object Repository/Reptiles/Page_JPetStore Demo/a_EST-11")): Object: 'Object Repository/Reptiles/Page_JPetStore Demo/a_EST-11' is clicked on

05-10-2024T10:29:14 - [MESSAGE][PASSED] - Object: 'Object Repository/Reptiles/Page_JPetStore Demo/a_EST-11' is clicked on

05-10-2024T10:29:14 - [TEST_STEP][PASSED] - click(findTestObject("Object Repository/Reptiles/Page_JPetStore Demo/a_Add to Cart")): Object: 'Object Repository/Reptiles/Page_JPetStore Demo/a_Add to Cart' is clicked on

05-10-2024T10:29:14 - [MESSAGE][PASSED] - Object: 'Object Repository/Reptiles/Page_JPetStore Demo/a_Add to Cart' is clicked on

05-10-2024T10:29:14 - [TEST_STEP][PASSED] - click(findTestObject("Object Repository/Reptiles/Page_JPetStore Demo/a_Proceed to Checkout")): Object: 'Object Repository/Reptiles/Page_JPetStore Demo/a_Proceed to Checkout' is clicked on

05-10-2024T10:29:15 - [MESSAGE][PASSED] - Object: 'Object Repository/Reptiles/Page_JPetStore Demo/a_Proceed to Checkout' is clicked on

05-10-2024T10:29:15 - [TEST_STEP][PASSED] - click(findTestObject("Object Repository/Reptiles/Page_JPetStore Demo/img")): Object: 'Object Repository/Reptiles/Page_JPetStore Demo/img' is clicked on

05-10-2024T10:29:15 - [MESSAGE][PASSED] - Object: 'Object Repository/Reptiles/Page_JPetStore Demo/img' is clicked on

05-10-2024T10:29:15 - [TEST_STEP][PASSED] - click(findTestObject("Object Repository/Reptiles/Page_JPetStore Demo/a_Return to Main Menu")): Object: 'Object Repository/Reptiles/Page_JPetStore Demo/a_Return to Main Menu' is clicked on

05-10-2024T10:29:16 - [MESSAGE][PASSED] - Object: 'Object Repository/Reptiles/Page_JPetStore Demo/a_Return to Main Menu' is clicked on

05-10-2024T10:29:16 - [TEST_STEP][PASSED] - closeBrowser(): Browser is closed

05-10-2024T10:29:16 - [MESSAGE][PASSED] - Browser is closed]]></system-out>
         <system-err><![CDATA[]]></system-err>
      </testcase>
      <system-out><![CDATA[05-10-2024T10:29:07 - [TEST_SUITE][PASSED] - TS_Product_Navigation_Reptiles: Test Cases/Product_Navigation_Reptiles]]></system-out>
      <system-err><![CDATA[]]></system-err>
   </testsuite>
</testsuites>
