<?xml version="1.0" encoding="UTF-8"?>
<testsuites name="CustomKeywordSuite" time="9.442" tests="1" failures="0" errors="0">
   <testsuite name="CustomKeywordSuite" tests="1" failures="0" errors="0" time="9.442" skipped="0" timestamp="05-10-2024T15:54:37" hostname="WINDOWS11 - Mohan" id="Test Suites/CustomKeywordSuite">
      <properties>
         <property name="deviceName" value=""/>
         <property name="devicePlatform"/>
         <property name="logFolder" value="C:\\Users\\WINDOWS11\\git\\katalonTeam_EY_Repo\\Reports\\20241005_155430\\CustomKeywordSuite\\20241005_155430"/>
         <property name="logFiles" value="C:\\Users\\WINDOWS11\\git\\katalonTeam_EY_Repo\\Reports\\20241005_155430\\CustomKeywordSuite\\20241005_155430\\execution0.log"/>
         <property name="attachments" value=""/>
         <property name="hostName" value="WINDOWS11 - Mohan"/>
         <property name="os" value="Windows 11 64bit"/>
         <property name="katalonVersion" value="9.7.2.223"/>
         <property name="browser" value="Chrome 129.0.0.0"/>
         <property name="hostAddress" value="192.168.1.4"/>
         <property name="sessionId" value="4dd3f5e8c9dbc7aedbaff1eec79e8b9b"/>
         <property name="seleniumVersion" value="3.141.59"/>
         <property name="proxyInformation" value="ProxyInformation { proxyOption=NO_PROXY, proxyServerType=HTTP, username=, password=********, proxyServerAddress=, proxyServerPort=0, executionList=&quot;&quot;, isApplyToDesiredCapabilities=true }"/>
         <property name="platform" value="Windows 11"/>
      </properties>
      <testcase name="Test Cases/Product_Navigation_Reptiles" time="9.24" classname="Test Cases/Product_Navigation_Reptiles" status="PASSED">
         <system-out><![CDATA[05-10-2024T15:54:37 - [TEST_CASE][PASSED] - Test Cases/Product_Navigation_Reptiles: Test Cases/Product_Navigation_Reptiles

05-10-2024T15:54:38 - [TEST_STEP][PASSED] - openBrowser(""): Browser is opened with url: ''

05-10-2024T15:54:38 - [MESSAGE][INFO] - Starting 'Chrome' driver

05-10-2024T15:54:38 - [MESSAGE][INFO] - Action delay is set to 0 milliseconds

05-10-2024T15:54:40 - [MESSAGE][PASSED] - Browser is opened with url: ''

05-10-2024T15:54:40 - [TEST_STEP][PASSED] - navigateToUrl("https://petstore.octoperf.com/"): Navigate to 'https://petstore.octoperf.com/' successfully

05-10-2024T15:54:41 - [MESSAGE][PASSED] - Navigate to 'https://petstore.octoperf.com/' successfully

05-10-2024T15:54:41 - [TEST_STEP][PASSED] - newPackage.MyKeyword1.clickElement1(findTestObject("Reptiles/Page_JPetStore Demo/a_Enter the Store")): Element has been clicked

05-10-2024T15:54:41 - [MESSAGE][PASSED] - Found web element by test object Object Repository/Reptiles/Page_JPetStore Demo/a_Enter the Store

05-10-2024T15:54:41 - [MESSAGE][INFO] - Clicking element

05-10-2024T15:54:42 - [MESSAGE][PASSED] - Element has been clicked

05-10-2024T15:54:42 - [TEST_STEP][PASSED] - click(findTestObject("Object Repository/Reptiles/Page_JPetStore Demo/img")): Object: 'Object Repository/Reptiles/Page_JPetStore Demo/img' is clicked on

05-10-2024T15:54:42 - [MESSAGE][PASSED] - Object: 'Object Repository/Reptiles/Page_JPetStore Demo/img' is clicked on

05-10-2024T15:54:42 - [TEST_STEP][PASSED] - click(findTestObject("Object Repository/Reptiles/Page_JPetStore Demo/a_RP-SN-01")): Object: 'Object Repository/Reptiles/Page_JPetStore Demo/a_RP-SN-01' is clicked on

05-10-2024T15:54:43 - [MESSAGE][PASSED] - Object: 'Object Repository/Reptiles/Page_JPetStore Demo/a_RP-SN-01' is clicked on

05-10-2024T15:54:43 - [TEST_STEP][PASSED] - click(findTestObject("Object Repository/Reptiles/Page_JPetStore Demo/a_EST-11")): Object: 'Object Repository/Reptiles/Page_JPetStore Demo/a_EST-11' is clicked on

05-10-2024T15:54:44 - [MESSAGE][PASSED] - Object: 'Object Repository/Reptiles/Page_JPetStore Demo/a_EST-11' is clicked on

05-10-2024T15:54:44 - [TEST_STEP][PASSED] - click(findTestObject("Object Repository/Reptiles/Page_JPetStore Demo/a_Add to Cart")): Object: 'Object Repository/Reptiles/Page_JPetStore Demo/a_Add to Cart' is clicked on

05-10-2024T15:54:45 - [MESSAGE][PASSED] - Object: 'Object Repository/Reptiles/Page_JPetStore Demo/a_Add to Cart' is clicked on

05-10-2024T15:54:45 - [TEST_STEP][PASSED] - click(findTestObject("Object Repository/Reptiles/Page_JPetStore Demo/a_Proceed to Checkout")): Object: 'Object Repository/Reptiles/Page_JPetStore Demo/a_Proceed to Checkout' is clicked on

05-10-2024T15:54:45 - [MESSAGE][PASSED] - Object: 'Object Repository/Reptiles/Page_JPetStore Demo/a_Proceed to Checkout' is clicked on

05-10-2024T15:54:45 - [TEST_STEP][PASSED] - click(findTestObject("Object Repository/Reptiles/Page_JPetStore Demo/img")): Object: 'Object Repository/Reptiles/Page_JPetStore Demo/img' is clicked on

05-10-2024T15:54:46 - [MESSAGE][PASSED] - Object: 'Object Repository/Reptiles/Page_JPetStore Demo/img' is clicked on

05-10-2024T15:54:46 - [TEST_STEP][PASSED] - click(findTestObject("Object Repository/Reptiles/Page_JPetStore Demo/a_Return to Main Menu")): Object: 'Object Repository/Reptiles/Page_JPetStore Demo/a_Return to Main Menu' is clicked on

05-10-2024T15:54:46 - [MESSAGE][PASSED] - Object: 'Object Repository/Reptiles/Page_JPetStore Demo/a_Return to Main Menu' is clicked on

05-10-2024T15:54:46 - [TEST_STEP][PASSED] - closeBrowser(): Browser is closed

05-10-2024T15:54:47 - [MESSAGE][PASSED] - Browser is closed]]></system-out>
         <system-err><![CDATA[]]></system-err>
      </testcase>
      <system-out><![CDATA[05-10-2024T15:54:37 - [TEST_SUITE][PASSED] - CustomKeywordSuite: Test Cases/Product_Navigation_Reptiles]]></system-out>
      <system-err><![CDATA[]]></system-err>
   </testsuite>
</testsuites>
