<?xml version="1.0" encoding="UTF-8"?>
<testsuites name="CustomKeyword_TestSuite" time="9.349" tests="1" failures="0" errors="0">
   <testsuite name="CustomKeyword_TestSuite" tests="1" failures="0" errors="0" time="9.349" skipped="0" timestamp="05-10-2024T15:33:12" hostname="WINDOWS11 - Mohan" id="Test Suites/CustomKeyword_TestSuite">
      <properties>
         <property name="deviceName" value=""/>
         <property name="devicePlatform"/>
         <property name="logFolder" value="C:\\Users\\WINDOWS11\\git\\katalonTeam_EY_Repo\\Reports\\20241005_153304\\CustomKeyword_TestSuite\\20241005_153305"/>
         <property name="logFiles" value="C:\\Users\\WINDOWS11\\git\\katalonTeam_EY_Repo\\Reports\\20241005_153304\\CustomKeyword_TestSuite\\20241005_153305\\execution0.log"/>
         <property name="attachments" value=""/>
         <property name="hostName" value="WINDOWS11 - Mohan"/>
         <property name="os" value="Windows 11 64bit"/>
         <property name="katalonVersion" value="9.7.2.223"/>
         <property name="browser" value="Chrome 129.0.0.0"/>
         <property name="hostAddress" value="192.168.1.4"/>
         <property name="sessionId" value="98143808eea7ffb3c6d80df5275db73d"/>
         <property name="seleniumVersion" value="3.141.59"/>
         <property name="proxyInformation" value="ProxyInformation { proxyOption=NO_PROXY, proxyServerType=HTTP, username=, password=********, proxyServerAddress=, proxyServerPort=0, executionList=&quot;&quot;, isApplyToDesiredCapabilities=true }"/>
         <property name="platform" value="Windows 11"/>
      </properties>
      <testcase name="Test Cases/Product_Navigation_Birds" time="9.159" classname="Test Cases/Product_Navigation_Birds" status="PASSED">
         <system-out><![CDATA[05-10-2024T15:33:13 - [TEST_CASE][PASSED] - Test Cases/Product_Navigation_Birds: Test Cases/Product_Navigation_Birds

05-10-2024T15:33:13 - [TEST_STEP][PASSED] - openBrowser(""): Browser is opened with url: ''

05-10-2024T15:33:13 - [MESSAGE][INFO] - Starting 'Chrome' driver

05-10-2024T15:33:13 - [MESSAGE][INFO] - Action delay is set to 0 milliseconds

05-10-2024T15:33:15 - [MESSAGE][PASSED] - Browser is opened with url: ''

05-10-2024T15:33:15 - [TEST_STEP][PASSED] - navigateToUrl("https://petstore.octoperf.com/"): Navigate to 'https://petstore.octoperf.com/' successfully

05-10-2024T15:33:16 - [MESSAGE][PASSED] - Navigate to 'https://petstore.octoperf.com/' successfully

05-10-2024T15:33:16 - [TEST_STEP][PASSED] - click(findTestObject("Object Repository/Birds/Page_JPetStore Demo/a_Enter the Store")): Object: 'Object Repository/Birds/Page_JPetStore Demo/a_Enter the Store' is clicked on

05-10-2024T15:33:17 - [MESSAGE][PASSED] - Object: 'Object Repository/Birds/Page_JPetStore Demo/a_Enter the Store' is clicked on

05-10-2024T15:33:17 - [TEST_STEP][PASSED] - newPackage.MyKeyword.refreshBrowser(): Refresh successfully

05-10-2024T15:33:17 - [MESSAGE][INFO] - Refreshing

05-10-2024T15:33:17 - [MESSAGE][PASSED] - Refresh successfully

05-10-2024T15:33:17 - [TEST_STEP][PASSED] - click(findTestObject("Object Repository/Birds/Page_JPetStore Demo/img")): Object: 'Object Repository/Birds/Page_JPetStore Demo/img' is clicked on

05-10-2024T15:33:18 - [MESSAGE][PASSED] - Object: 'Object Repository/Birds/Page_JPetStore Demo/img' is clicked on

05-10-2024T15:33:18 - [TEST_STEP][PASSED] - click(findTestObject("Object Repository/Birds/Page_JPetStore Demo/a_AV-CB-01")): Object: 'Object Repository/Birds/Page_JPetStore Demo/a_AV-CB-01' is clicked on

05-10-2024T15:33:18 - [MESSAGE][PASSED] - Object: 'Object Repository/Birds/Page_JPetStore Demo/a_AV-CB-01' is clicked on

05-10-2024T15:33:18 - [TEST_STEP][PASSED] - click(findTestObject("Object Repository/Birds/Page_JPetStore Demo/a_EST-18")): Object: 'Object Repository/Birds/Page_JPetStore Demo/a_EST-18' is clicked on

05-10-2024T15:33:19 - [MESSAGE][PASSED] - Object: 'Object Repository/Birds/Page_JPetStore Demo/a_EST-18' is clicked on

05-10-2024T15:33:19 - [TEST_STEP][PASSED] - click(findTestObject("Object Repository/Birds/Page_JPetStore Demo/a_Add to Cart")): Object: 'Object Repository/Birds/Page_JPetStore Demo/a_Add to Cart' is clicked on

05-10-2024T15:33:20 - [MESSAGE][PASSED] - Object: 'Object Repository/Birds/Page_JPetStore Demo/a_Add to Cart' is clicked on

05-10-2024T15:33:20 - [TEST_STEP][PASSED] - click(findTestObject("Object Repository/Birds/Page_JPetStore Demo/a_Proceed to Checkout")): Object: 'Object Repository/Birds/Page_JPetStore Demo/a_Proceed to Checkout' is clicked on

05-10-2024T15:33:20 - [MESSAGE][PASSED] - Object: 'Object Repository/Birds/Page_JPetStore Demo/a_Proceed to Checkout' is clicked on

05-10-2024T15:33:20 - [TEST_STEP][PASSED] - click(findTestObject("Object Repository/Birds/Page_JPetStore Demo/img")): Object: 'Object Repository/Birds/Page_JPetStore Demo/img' is clicked on

05-10-2024T15:33:21 - [MESSAGE][PASSED] - Object: 'Object Repository/Birds/Page_JPetStore Demo/img' is clicked on

05-10-2024T15:33:21 - [TEST_STEP][PASSED] - click(findTestObject("Object Repository/Birds/Page_JPetStore Demo/a_Return to Main Menu")): Object: 'Object Repository/Birds/Page_JPetStore Demo/a_Return to Main Menu' is clicked on

05-10-2024T15:33:21 - [MESSAGE][PASSED] - Object: 'Object Repository/Birds/Page_JPetStore Demo/a_Return to Main Menu' is clicked on

05-10-2024T15:33:21 - [TEST_STEP][PASSED] - closeBrowser(): Browser is closed

05-10-2024T15:33:22 - [MESSAGE][PASSED] - Browser is closed]]></system-out>
         <system-err><![CDATA[]]></system-err>
      </testcase>
      <system-out><![CDATA[05-10-2024T15:33:12 - [TEST_SUITE][PASSED] - CustomKeyword_TestSuite: Test Cases/Product_Navigation_Birds]]></system-out>
      <system-err><![CDATA[]]></system-err>
   </testsuite>
</testsuites>
