<?xml version="1.0" encoding="UTF-8"?>
<testsuites name="TS_Product_Navigation_Birds" time="79.343" tests="1" failures="0" errors="0">
   <testsuite name="TS_Product_Navigation_Birds" tests="1" failures="0" errors="0" time="79.343" skipped="0" timestamp="05-10-2024T10:48:02" hostname="WINDOWS11 - Mohan" id="Test Suites/TS_Product_Navigation_Birds">
      <properties>
         <property name="deviceName"/>
         <property name="devicePlatform" value="WINDOWS"/>
         <property name="logFolder" value="C:\\Users\\WINDOWS11\\git\\katalonTeam_EY_Repo\\Reports\\20241005_104754\\TS_Product_Navigation_Birds\\20241005_104754"/>
         <property name="logFiles" value="C:\\Users\\WINDOWS11\\git\\katalonTeam_EY_Repo\\Reports\\20241005_104754\\TS_Product_Navigation_Birds\\20241005_104754\\execution0.log"/>
         <property name="attachments" value=""/>
         <property name="hostName" value="WINDOWS11 - Mohan"/>
         <property name="remoteDriverUrl" value="testcloud.katalon.com/hub"/>
         <property name="desiredCapabilities" value="{&#xa;  &quot;timeouts&quot;: {&#xa;    &quot;implicit&quot;: 0,&#xa;    &quot;pageLoad&quot;: 300000,&#xa;    &quot;script&quot;: 30000&#xa;  },&#xa;  &quot;platform&quot;: &quot;WINDOWS&quot;,&#xa;  &quot;webauthn:extension:credBlob&quot;: true,&#xa;  &quot;acceptInsecureCerts&quot;: false,&#xa;  &quot;browserVersion&quot;: &quot;Chromium&quot;,&#xa;  &quot;fedcm:accounts&quot;: true,&#xa;  &quot;kt:requestId&quot;: &quot;82e1cd1f-e197-44a3-a325-f8cad7391f89&quot;,&#xa;  &quot;browserName&quot;: &quot;MicrosoftEdge&quot;,&#xa;  &quot;javascriptEnabled&quot;: true,&#xa;  &quot;katalon:option&quot;: {&#xa;    &quot;executionSessionId&quot;: &quot;82e1cd1f-e197-44a3-a325-f8cad7391f89&quot;,&#xa;    &quot;userId&quot;: 1584481,&#xa;    &quot;organizationId&quot;: &quot;1640769&quot;,&#xa;    &quot;executionId&quot;: &quot;d87f2d61-bea5-4e50-b244-940f11eb9116&quot;,&#xa;    &quot;runFromTestCloud&quot;: true,&#xa;    &quot;usingTunnel&quot;: false&#xa;  },&#xa;  &quot;platformName&quot;: &quot;WINDOWS&quot;,&#xa;  &quot;ms:edgeOptions&quot;: {&#xa;    &quot;debuggerAddress&quot;: &quot;localhost:64620&quot;&#xa;  },&#xa;  &quot;setWindowRect&quot;: true,&#xa;  &quot;webauthn:extension:largeBlob&quot;: true,&#xa;  &quot;networkConnectionEnabled&quot;: false,&#xa;  &quot;msedge&quot;: {&#xa;    &quot;msedgedriverVersion&quot;: &quot;127.0.2651.74 (dbf5b0aa014c4e70e3d5e2d73248e21264f82957)&quot;,&#xa;    &quot;userDataDir&quot;: &quot;C:\\Windows\\SystemTemp\\scoped_dir7904_304093977&quot;&#xa;  },&#xa;  &quot;kt:rid&quot;: &quot;82e1cd1f-e197-44a3-a325-f8cad7391f89&quot;,&#xa;  &quot;pageLoadStrategy&quot;: &quot;normal&quot;,&#xa;  &quot;unhandledPromptBehavior&quot;: &quot;dismiss and notify&quot;,&#xa;  &quot;strictFileInteractability&quot;: false,&#xa;  &quot;***:loadExtension&quot;: [&#xa;    &quot;https://prod-magicleap-user-files-us-east-1-v1.s3.amazonaws.com/extensions/orgId-691279/SmartWait.zip&quot;&#xa;  ],&#xa;  &quot;se:cdp&quot;: &quot;ws://10.50.37.216:4444/session/f61c9b0e3c208047ec286430a018de04/se/cdp&quot;,&#xa;  &quot;se:bidiEnabled&quot;: false,&#xa;  &quot;proxy&quot;: {&#xa;    &quot;proxyType&quot;: &quot;UNSPECIFIED&quot;,&#xa;    &quot;autodetect&quot;: false&#xa;  },&#xa;  &quot;webauthn:extension:minPinLength&quot;: true,&#xa;  &quot;webauthn:extension:prf&quot;: true,&#xa;  &quot;webauthn:virtualAuthenticators&quot;: true&#xa;}"/>
         <property name="os" value="Windows 11 64bit"/>
         <property name="remoteOS" value="Windows"/>
         <property name="katalonVersion" value="9.7.2.223"/>
         <property name="browser" value="Edge Chromium 127"/>
         <property name="hostAddress" value="192.168.1.4"/>
         <property name="sessionId" value="f61c9b0e3c208047ec286430a018de04"/>
         <property name="seleniumVersion" value="3.141.59"/>
         <property name="proxyInformation" value="ProxyInformation { proxyOption=NO_PROXY, proxyServerType=HTTP, username=, password=********, proxyServerAddress=, proxyServerPort=0, executionList=&quot;&quot;, isApplyToDesiredCapabilities=true }"/>
         <property name="platform" value="Windows 11"/>
      </properties>
      <testcase name="Test Cases/Product_Navigation_Birds" time="79.137" classname="Test Cases/Product_Navigation_Birds" status="PASSED">
         <system-out><![CDATA[05-10-2024T10:48:02 - [TEST_CASE][PASSED] - Test Cases/Product_Navigation_Birds: Test Cases/Product_Navigation_Birds

05-10-2024T10:48:02 - [TEST_STEP][PASSED] - openBrowser(""): Browser is opened with url: ''

05-10-2024T10:48:03 - [MESSAGE][INFO] - User set preference: ['os', 'windows']

05-10-2024T10:48:03 - [MESSAGE][INFO] - User set preference: ['browserVersion', '127']

05-10-2024T10:48:03 - [MESSAGE][INFO] - User set preference: ['browserName', 'msedge']

05-10-2024T10:48:03 - [MESSAGE][INFO] - User set preference: ['katalon:option', '{organizationId=1640769, usingTunnel=false}']

05-10-2024T10:48:03 - [MESSAGE][INFO] - Connecting to remote web server 'testcloud.katalon.com/hub' with type 'Selenium'

05-10-2024T10:48:03 - [MESSAGE][INFO] - Action delay is set to 0 milliseconds

05-10-2024T10:49:02 - [MESSAGE][PASSED] - Browser is opened with url: ''

05-10-2024T10:49:02 - [TEST_STEP][PASSED] - navigateToUrl("https://petstore.octoperf.com/"): Navigate to 'https://petstore.octoperf.com/' successfully

05-10-2024T10:49:03 - [MESSAGE][PASSED] - Navigate to 'https://petstore.octoperf.com/' successfully

05-10-2024T10:49:03 - [TEST_STEP][PASSED] - click(findTestObject("Object Repository/Birds/Page_JPetStore Demo/a_Enter the Store")): Object: 'Object Repository/Birds/Page_JPetStore Demo/a_Enter the Store' is clicked on

05-10-2024T10:49:06 - [MESSAGE][PASSED] - Object: 'Object Repository/Birds/Page_JPetStore Demo/a_Enter the Store' is clicked on

05-10-2024T10:49:06 - [TEST_STEP][PASSED] - click(findTestObject("Object Repository/Birds/Page_JPetStore Demo/img")): Object: 'Object Repository/Birds/Page_JPetStore Demo/img' is clicked on

05-10-2024T10:49:08 - [MESSAGE][PASSED] - Object: 'Object Repository/Birds/Page_JPetStore Demo/img' is clicked on

05-10-2024T10:49:08 - [TEST_STEP][PASSED] - click(findTestObject("Object Repository/Birds/Page_JPetStore Demo/a_AV-CB-01")): Object: 'Object Repository/Birds/Page_JPetStore Demo/a_AV-CB-01' is clicked on

05-10-2024T10:49:09 - [MESSAGE][PASSED] - Object: 'Object Repository/Birds/Page_JPetStore Demo/a_AV-CB-01' is clicked on

05-10-2024T10:49:09 - [TEST_STEP][PASSED] - click(findTestObject("Object Repository/Birds/Page_JPetStore Demo/a_EST-18")): Object: 'Object Repository/Birds/Page_JPetStore Demo/a_EST-18' is clicked on

05-10-2024T10:49:11 - [MESSAGE][PASSED] - Object: 'Object Repository/Birds/Page_JPetStore Demo/a_EST-18' is clicked on

05-10-2024T10:49:11 - [TEST_STEP][PASSED] - click(findTestObject("Object Repository/Birds/Page_JPetStore Demo/a_Add to Cart")): Object: 'Object Repository/Birds/Page_JPetStore Demo/a_Add to Cart' is clicked on

05-10-2024T10:49:13 - [MESSAGE][PASSED] - Object: 'Object Repository/Birds/Page_JPetStore Demo/a_Add to Cart' is clicked on

05-10-2024T10:49:13 - [TEST_STEP][PASSED] - click(findTestObject("Object Repository/Birds/Page_JPetStore Demo/a_Proceed to Checkout")): Object: 'Object Repository/Birds/Page_JPetStore Demo/a_Proceed to Checkout' is clicked on

05-10-2024T10:49:15 - [MESSAGE][PASSED] - Object: 'Object Repository/Birds/Page_JPetStore Demo/a_Proceed to Checkout' is clicked on

05-10-2024T10:49:15 - [TEST_STEP][PASSED] - click(findTestObject("Object Repository/Birds/Page_JPetStore Demo/img")): Object: 'Object Repository/Birds/Page_JPetStore Demo/img' is clicked on

05-10-2024T10:49:17 - [MESSAGE][PASSED] - Object: 'Object Repository/Birds/Page_JPetStore Demo/img' is clicked on

05-10-2024T10:49:17 - [TEST_STEP][PASSED] - click(findTestObject("Object Repository/Birds/Page_JPetStore Demo/a_Return to Main Menu")): Object: 'Object Repository/Birds/Page_JPetStore Demo/a_Return to Main Menu' is clicked on

05-10-2024T10:49:19 - [MESSAGE][PASSED] - Object: 'Object Repository/Birds/Page_JPetStore Demo/a_Return to Main Menu' is clicked on

05-10-2024T10:49:19 - [TEST_STEP][PASSED] - closeBrowser(): Browser is closed

05-10-2024T10:49:21 - [MESSAGE][PASSED] - Browser is closed]]></system-out>
         <system-err><![CDATA[]]></system-err>
      </testcase>
      <system-out><![CDATA[05-10-2024T10:48:02 - [TEST_SUITE][PASSED] - TS_Product_Navigation_Birds: Test Cases/Product_Navigation_Birds]]></system-out>
      <system-err><![CDATA[]]></system-err>
   </testsuite>
</testsuites>
