<?xml version="1.0" encoding="UTF-8"?>
<testsuites name="TS_SignIn_SignOut" time="8.454" tests="1" failures="0" errors="0">
   <testsuite name="TS_SignIn_SignOut" tests="1" failures="0" errors="0" time="8.454" skipped="0" timestamp="05-10-2024T14:29:37" hostname="WINDOWS11 - Mohan" id="Test Suites/TS_SignIn_SignOut">
      <properties>
         <property name="deviceName" value=""/>
         <property name="devicePlatform"/>
         <property name="logFolder" value="C:\\Users\\WINDOWS11\\git\\katalonTeam_EY_Repo\\Reports\\20241005_142929\\TS_SignIn_SignOut\\20241005_142929"/>
         <property name="logFiles" value="C:\\Users\\WINDOWS11\\git\\katalonTeam_EY_Repo\\Reports\\20241005_142929\\TS_SignIn_SignOut\\20241005_142929\\execution0.log"/>
         <property name="attachments" value=""/>
         <property name="hostName" value="WINDOWS11 - Mohan"/>
         <property name="os" value="Windows 11 64bit"/>
         <property name="katalonVersion" value="9.7.2.223"/>
         <property name="browser" value="Chrome 129.0.0.0"/>
         <property name="hostAddress" value="192.168.1.4"/>
         <property name="sessionId" value="b8f213bdb64908a391395cf1c5750590"/>
         <property name="seleniumVersion" value="3.141.59"/>
         <property name="proxyInformation" value="ProxyInformation { proxyOption=NO_PROXY, proxyServerType=HTTP, username=, password=********, proxyServerAddress=, proxyServerPort=0, executionList=&quot;&quot;, isApplyToDesiredCapabilities=true }"/>
         <property name="platform" value="Windows 11"/>
      </properties>
      <testcase name="Test Cases/SignIn_SignOut" time="8.224" classname="Test Cases/SignIn_SignOut" status="PASSED">
         <system-out><![CDATA[05-10-2024T14:29:37 - [TEST_CASE][PASSED] - Test Cases/SignIn_SignOut: Test Cases/SignIn_SignOut

05-10-2024T14:29:37 - [TEST_STEP][PASSED] - openBrowser(""): Browser is opened with url: ''

05-10-2024T14:29:37 - [MESSAGE][INFO] - Starting 'Chrome' driver

05-10-2024T14:29:38 - [MESSAGE][INFO] - Action delay is set to 0 milliseconds

05-10-2024T14:29:39 - [MESSAGE][PASSED] - Browser is opened with url: ''

05-10-2024T14:29:39 - [TEST_STEP][PASSED] - navigateToUrl("https://petstore.octoperf.com/"): Navigate to 'https://petstore.octoperf.com/' successfully

05-10-2024T14:29:40 - [MESSAGE][PASSED] - Navigate to 'https://petstore.octoperf.com/' successfully

05-10-2024T14:29:40 - [TEST_STEP][PASSED] - click(findTestObject("Object Repository/SignIn_SignOut/Page_JPetStore Demo/a_Enter the Store")): Object: 'Object Repository/SignIn_SignOut/Page_JPetStore Demo/a_Enter the Store' is clicked on

05-10-2024T14:29:41 - [MESSAGE][PASSED] - Object: 'Object Repository/SignIn_SignOut/Page_JPetStore Demo/a_Enter the Store' is clicked on

05-10-2024T14:29:41 - [TEST_STEP][PASSED] - click(findTestObject("Object Repository/SignIn_SignOut/Page_JPetStore Demo/a_Sign In")): Object: 'Object Repository/SignIn_SignOut/Page_JPetStore Demo/a_Sign In' is clicked on

05-10-2024T14:29:42 - [MESSAGE][PASSED] - Object: 'Object Repository/SignIn_SignOut/Page_JPetStore Demo/a_Sign In' is clicked on

05-10-2024T14:29:42 - [TEST_STEP][PASSED] - setText(findTestObject("Object Repository/SignIn_SignOut/Page_JPetStore Demo/input_Need a user name and password_username"), "mohan"): Text 'mohan' is set on object 'Object Repository/SignIn_SignOut/Page_JPetStore Demo/input_Need a user name and password_username'

05-10-2024T14:29:42 - [MESSAGE][PASSED] - Text 'mohan' is set on object 'Object Repository/SignIn_SignOut/Page_JPetStore Demo/input_Need a user name and password_username'

05-10-2024T14:29:42 - [TEST_STEP][PASSED] - setText(findTestObject("Object Repository/SignIn_SignOut/Page_JPetStore Demo/input_Need a user name and password_password"), "mohan"): Text 'mohan' is set on object 'Object Repository/SignIn_SignOut/Page_JPetStore Demo/input_Need a user name and password_password'

05-10-2024T14:29:43 - [MESSAGE][PASSED] - Text 'mohan' is set on object 'Object Repository/SignIn_SignOut/Page_JPetStore Demo/input_Need a user name and password_password'

05-10-2024T14:29:43 - [TEST_STEP][PASSED] - click(findTestObject("Object Repository/SignIn_SignOut/Page_JPetStore Demo/input_Need a user name and password_signon")): Object: 'Object Repository/SignIn_SignOut/Page_JPetStore Demo/input_Need a user name and password_signon' is clicked on

05-10-2024T14:29:44 - [MESSAGE][PASSED] - Object: 'Object Repository/SignIn_SignOut/Page_JPetStore Demo/input_Need a user name and password_signon' is clicked on

05-10-2024T14:29:44 - [TEST_STEP][PASSED] - click(findTestObject("Object Repository/SignIn_SignOut/Page_JPetStore Demo/a_Sign Out")): Object: 'Object Repository/SignIn_SignOut/Page_JPetStore Demo/a_Sign Out' is clicked on

05-10-2024T14:29:45 - [MESSAGE][PASSED] - Object: 'Object Repository/SignIn_SignOut/Page_JPetStore Demo/a_Sign Out' is clicked on

05-10-2024T14:29:45 - [TEST_STEP][PASSED] - closeBrowser(): Browser is closed

05-10-2024T14:29:45 - [MESSAGE][PASSED] - Browser is closed]]></system-out>
         <system-err><![CDATA[]]></system-err>
      </testcase>
      <system-out><![CDATA[05-10-2024T14:29:37 - [TEST_SUITE][PASSED] - TS_SignIn_SignOut: Test Cases/SignIn_SignOut]]></system-out>
      <system-err><![CDATA[]]></system-err>
   </testsuite>
</testsuites>
